<?xml version="1.0" encoding="UTF-8"?>
<testng-results skipped="0" failed="0" total="1" passed="1">
  <reporter-output>
  </reporter-output>
  <suite name="demo.linkedin.regression.MyTest" duration-ms="14197" started-at="2017-09-21T14:21:03Z" finished-at="2017-09-21T14:21:18Z">
    <groups>
    </groups>
    <test name="Command line test" duration-ms="14197" started-at="2017-09-21T14:21:03Z" finished-at="2017-09-21T14:21:18Z">
      <class name="demo.linkedin.regression.MyTest">
        <test-method status="PASS" signature="test01()[pri:0, instance:demo.linkedin.regression.MyTest@340f438e]" name="test01" duration-ms="14180" started-at="2017-09-21T19:51:04Z" finished-at="2017-09-21T19:51:18Z">
          <reporter-output>
          </reporter-output>
        </test-method> <!-- test01 -->
      </class> <!-- demo.linkedin.regression.MyTest -->
    </test> <!-- Command line test -->
  </suite> <!-- demo.linkedin.regression.MyTest -->
</testng-results>
