<?xml version="1.0" encoding="UTF-8"?>
<testng-results skipped="0" failed="0" ignored="0" total="1" passed="1">
  <reporter-output>
  </reporter-output>
  <suite name="Suite" duration-ms="10621" started-at="2017-09-21T14:17:09Z" finished-at="2017-09-21T14:17:20Z">
    <groups>
    </groups>
    <test name="Test" duration-ms="10621" started-at="2017-09-21T14:17:09Z" finished-at="2017-09-21T14:17:20Z">
      <class name="demo.linkedin.regression.MyTest">
        <test-method status="PASS" signature="test01()[pri:0, instance:demo.linkedin.regression.MyTest@6767c1fc]" name="test01" duration-ms="10581" started-at="2017-09-21T19:47:09Z" finished-at="2017-09-21T19:47:20Z">
          <reporter-output>
          </reporter-output>
        </test-method> <!-- test01 -->
      </class> <!-- demo.linkedin.regression.MyTest -->
    </test> <!-- Test -->
  </suite> <!-- Suite -->
</testng-results>
